build/app/outputs/mapping/release/mapping.txt
# compiler: R8
# compiler_version: 2.1.62
# min_api: 21
# pg_map_id: 558469c
# common_typos_disable
...
io.flutter.plugins.googlemaps.TileOverlayController -> io.flutter.plugins.googlemaps.z:
    com.google.android.gms.maps.model.TileOverlay tileOverlay -> a
    void setFadeIn(boolean) -> B
    void setTransparency(float) -> C
    void setZIndex(float) -> a
    void setVisible(boolean) -> b
    void clearTileCache() -> c
    java.util.Map getTileOverlayInfo() -> d
    void remove() -> e
io.flutter.plugins.googlemaps.TileOverlaySink -> io.flutter.plugins.googlemaps.a0:
    void setFadeIn(boolean) -> B
    void setTransparency(float) -> C
    void setZIndex(float) -> a
    void setVisible(boolean) -> b
io.flutter.plugins.googlemaps.TileOverlaysController -> io.flutter.plugins.googlemaps.b0:
    java.util.Map tileOverlayIdToController -> a
    com.google.android.gms.maps.GoogleMap googleMap -> c
    io.flutter.plugin.common.MethodChannel methodChannel -> b
    void addTileOverlay(java.util.Map) -> a
    void addTileOverlays(java.util.List) -> b
    void changeTileOverlay(java.util.Map) -> c
    void changeTileOverlays(java.util.List) -> d
    void clearTileCache(java.lang.String) -> e
    java.lang.String getTileOverlayId(java.util.Map) -> f
    java.util.Map getTileOverlayInfo(java.lang.String) -> g
    void removeTileOverlay(java.lang.String) -> h
    void removeTileOverlays(java.util.List) -> i
    void setGoogleMap(com.google.android.gms.maps.GoogleMap) -> j
io.flutter.plugins.googlemaps.TileProviderController -> io.flutter.plugins.googlemaps.c0:
    android.os.Handler handler -> d
    io.flutter.plugin.common.MethodChannel methodChannel -> c
    java.lang.String tileOverlayId -> b
    android.os.Handler access$000(io.flutter.plugins.googlemaps.TileProviderController) -> a
    java.lang.String access$100(io.flutter.plugins.googlemaps.TileProviderController) -> b
    com.google.android.gms.maps.model.Tile getTile(int,int,int) -> b0
    io.flutter.plugin.common.MethodChannel access$200(io.flutter.plugins.googlemaps.TileProviderController) -> c
io.flutter.plugins.googlemaps.TileProviderController$Worker -> io.flutter.plugins.googlemaps.c0$a:
    java.util.concurrent.CountDownLatch countDownLatch -> a
    int zoom -> d
    io.flutter.plugins.googlemaps.TileProviderController this$0 -> f
    int x -> b
    java.util.Map result -> e
    int y -> c
    void error(java.lang.String,java.lang.String,java.lang.Object) -> a
    void success(java.lang.Object) -> b
    void notImplemented() -> c
    com.google.android.gms.maps.model.Tile getTile() -> d
    void lambda$getTile$0() -> e
    void lambda$getTile$0$TileProviderController$Worker() -> f
io.flutter.plugins.imagepicker.CameraDevice -> io.flutter.plugins.imagepicker.a:
    io.flutter.plugins.imagepicker.CameraDevice[] $VALUES -> c
    io.flutter.plugins.imagepicker.CameraDevice REAR -> a
    io.flutter.plugins.imagepicker.CameraDevice FRONT -> b
io.flutter.plugins.imagepicker.ExifDataCopier -> io.flutter.plugins.imagepicker.b:
    void copyExif(java.lang.String,java.lang.String) -> a
    void setIfNotNull(androidx.exifinterface.media.ExifInterface,androidx.exifinterface.media.ExifInterface,java.lang.String) -> b
io.flutter.plugins.imagepicker.FileUtils -> io.flutter.plugins.imagepicker.c:
    void copy(java.io.InputStream,java.io.OutputStream) -> a
    java.lang.String getImageExtension(android.content.Context,android.net.Uri) -> b
    java.lang.String getPathFromUri(android.content.Context,android.net.Uri) -> c