build/app/outputs/mapping/release/usage.txt
com.luisnu.natura_app.R$dimen
com.luisnu.natura_app.R$style
com.luisnu.natura_app.R$xml
com.luisnu.natura_app.R$styleable
com.luisnu.natura_app.R$id
com.luisnu.natura_app.R$integer
com.luisnu.natura_app.R$attr
com.luisnu.natura_app.R$mipmap
com.luisnu.natura_app.BuildConfig
com.luisnu.natura_app.R$string
com.luisnu.natura_app.R$layout
com.luisnu.natura_app.R$drawable
com.luisnu.natura_app.R
com.luisnu.natura_app.R$color
...
androidx.core.provider.SelfDestructiveThread$1
kotlin.jvm.internal.markers.KMutableListIterator
com.google.common.io.FileBackedOutputStream$MemoryOutput
kotlin.coroutines.experimental.migration.CoroutinesMigrationKt
com.google.common.util.concurrent.Callables
com.google.common.collect.Sets$PowerSet
kotlin.ParameterName
com.google.android.gms.maps.zzf
com.google.common.collect.StandardTable$RowMap$EntrySet
io.flutter.embedding.engine.FlutterEngineCache:
    public boolean contains(java.lang.String)
    public void clear()
io.flutter.plugins.flutter_plugin_android_lifecycle.R$string
kotlin.collections.CollectionsKt__IteratorsJVMKt$iterator$1
androidx.core.view.ViewParentCompat
kotlin.contracts.ContractBuilder$DefaultImpls
io.flutter.plugins.camera.types.FlashMode
com.google.common.collect.Synchronized$SynchronizedAsMapEntries$1$1
androidx.activity.R$styleable
com.google.android.gms.maps.internal.zzbn
kotlin.jvm.functions.Function4
com.google.common.collect.ArrayTable$2
androidx.core.widget.PopupWindowCompat
io.flutter.app.FlutterActivityDelegate
androidx.core.content.pm.PermissionInfoCompat
com.google.common.graph.AbstractGraph
com.google.common.graph.Graphs$NodeVisitState
kotlin.io.SerializableKt
androidx.core.view.ViewCompat$ScrollIndicators
com.google.android.gms.common.api.ResolvingResultCallbacks
io.flutter.embedding.android.SplashScreenProvider
androidx.core.view.NestedScrollingParentHelper
com.google.common.cache.RemovalListener
kotlin.jvm.internal.ByteSpreadBuilder
com.google.common.collect.MapMakerInternalMap$StrongKeyStrongValueSegment
com.google.common.escape.Escaper$1
androidx.core.view.accessibility.AccessibilityWindowInfoCompat
com.google.common.collect.ImmutableTable$SerializedForm
androidx.core.location.LocationManagerCompat
com.baseflow.geocoding.R$dimen
com.google.android.gms.common.internal.ServiceSpecificExtraArgs$CastExtraArgs
com.google.common.collect.Tables
com.google.android.gms.maps.zzah
com.google.android.gms.common.internal.zal
com.google.android.gms.common.api.ResolvableApiException:
    public android.app.PendingIntent getResolution()
com.google.android.gms.common.api.internal.LifecycleCallback:
    protected static com.google.android.gms.common.api.internal.LifecycleFragment getFragment(com.google.android.gms.common.api.internal.LifecycleActivity)
    public static com.google.android.gms.common.api.internal.LifecycleFragment getFragment(android.app.Activity)
    public static com.google.android.gms.common.api.internal.LifecycleFragment getFragment(android.content.ContextWrapper)
    protected void <init>(com.google.android.gms.common.api.internal.LifecycleFragment)
    public android.app.Activity getActivity()
    public void onCreate(android.os.Bundle)
    public void onStart()
    public void onResume()
    public void onSaveInstanceState(android.os.Bundle)
    public void onActivityResult(int,int,android.content.Intent)
    public void onStop()
    public void onDestroy()
    public void dump(java.lang.String,java.io.FileDescriptor,java.io.PrintWriter,java.lang.String[])
    protected final com.google.android.gms.common.api.internal.LifecycleFragment mLifecycleFragment
com.google.common.base.Function
com.google.android.gms.maps.model.Polygon:
    public final java.util.List getPoints()
    public final java.util.List getHoles()
    public final float getStrokeWidth()
    public final int getStrokeColor()
    public final void setStrokeJointType(int)
    public final int getStrokeJointType()
    public final void setStrokePattern(java.util.List)
    public final java.util.List getStrokePattern()
    public final int getFillColor()
    public final float getZIndex()
    public final boolean isVisible()
    public final boolean isGeodesic()
    public final boolean isClickable()
    public final void setTag(java.lang.Object)
    public final java.lang.Object getTag()
kotlin.text.Typography
io.flutter.embedding.android.FlutterActivity$CachedEngineIntentBuilder